ProgramInternalForm 
id (196,0)
: (-1,-1)
integer (-1,-1)
; (-1,-1)
id (100,0)
: (-1,-1)
integer (-1,-1)
; (-1,-1)
id (127,0)
: (-1,-1)
boolean (-1,-1)
; (-1,-1)
{ (-1,-1)
id (127,0)
= (-1,-1)
const (49,0)
; (-1,-1)
id (100,0)
= (-1,-1)
const (50,0)
; (-1,-1)
while (-1,-1)
( (-1,-1)
id (127,0)
== (-1,-1)
const (49,0)
or (-1,-1)
id (100,0)
< (-1,-1)
id (196,0)
/ (-1,-1)
const (50,0)
) (-1,-1)
{ (-1,-1)
if (-1,-1)
( (-1,-1)
id (196,0)
% (-1,-1)
id (100,0)
== (-1,-1)
const (48,0)
) (-1,-1)
{ (-1,-1)
id (127,0)
= (-1,-1)
const (48,0)
; (-1,-1)
} (-1,-1)
id (100,0)
= (-1,-1)
id (100,0)
+ (-1,-1)
const (49,0)
; (-1,-1)
} (-1,-1)
write (-1,-1)
( (-1,-1)
id (127,0)
) (-1,-1)
; (-1,-1)
} (-1,-1)
