ProgramInternalForm 
id (75,0)
: (-1,-1)
integer (-1,-1)
; (-1,-1)
id (118,0)
: (-1,-1)
array (-1,-1)
[ (-1,-1)
const (241,0)
] (-1,-1)
of (-1,-1)
integer (-1,-1)
; (-1,-1)
id (105,0)
: (-1,-1)
integer (-1,-1)
; (-1,-1)
id (110,0)
: (-1,-1)
integer (-1,-1)
{ (-1,-1)
read (-1,-1)
( (-1,-1)
id (110,0)
) (-1,-1)
; (-1,-1)
id (105,0)
= (-1,-1)
const (48,0)
; (-1,-1)
while (-1,-1)
( (-1,-1)
id (105,0)
< (-1,-1)
id (110,0)
) (-1,-1)
{ (-1,-1)
read (-1,-1)
( (-1,-1)
id (118,0)
[ (-1,-1)
id (105,0)
] (-1,-1)
) (-1,-1)
; (-1,-1)
} (-1,-1)
id (105,0)
= (-1,-1)
const (48,0)
; (-1,-1)
id (75,0)
= (-1,-1)
const (48,0)
; (-1,-1)
while (-1,-1)
( (-1,-1)
id (105,0)
< (-1,-1)
id (110,0)
) (-1,-1)
{ (-1,-1)
id (75,0)
= (-1,-1)
id (75,0)
+ (-1,-1)
id (118,0)
[ (-1,-1)
id (105,0)
] (-1,-1)
; (-1,-1)
} (-1,-1)
write (-1,-1)
( (-1,-1)
id (75,0)
) (-1,-1)
; (-1,-1)
} (-1,-1)
