ProgramInternalForm 
const (48,0)
, (-1,-1)
const (49,0)
, (-1,-1)
const (50,0)
, (-1,-1)
const (51,0)
, (-1,-1)
const (52,0)
, (-1,-1)
const (53,0)
, (-1,-1)
const (54,0)
, (-1,-1)
const (55,0)
, (-1,-1)
const (56,0)
, (-1,-1)
const (57,0)
, (-1,-1)
- (-1,-1)
id (83,0)
, (-1,-1)
id (75,0)
, (-1,-1)
id (80,0)
, (-1,-1)
id (68,0)
id (83,0)
id (80,0)
, (-1,-1)
id (68,0)
id (83,0)
, (-1,-1)
- (-1,-1)
, (-1,-1)
id (75,0)
id (83,0)
, (-1,-1)
const (48,0)
, (-1,-1)
id (68,0)
id (83,0)
, (-1,-1)
const (49,0)
, (-1,-1)
id (80,0)
id (83,0)
, (-1,-1)
const (50,0)
, (-1,-1)
id (80,0)
id (83,0)
, (-1,-1)
const (51,0)
, (-1,-1)
id (80,0)
id (83,0)
, (-1,-1)
const (52,0)
, (-1,-1)
id (80,0)
id (83,0)
, (-1,-1)
const (53,0)
, (-1,-1)
id (80,0)
id (83,0)
, (-1,-1)
const (54,0)
, (-1,-1)
id (80,0)
id (83,0)
, (-1,-1)
const (55,0)
, (-1,-1)
id (80,0)
id (83,0)
, (-1,-1)
const (56,0)
, (-1,-1)
id (80,0)
id (83,0)
, (-1,-1)
const (57,0)
, (-1,-1)
id (80,0)
id (75,0)
, (-1,-1)
const (49,0)
, (-1,-1)
id (80,0)
id (75,0)
, (-1,-1)
const (50,0)
, (-1,-1)
id (80,0)
id (75,0)
, (-1,-1)
const (51,0)
, (-1,-1)
id (80,0)
id (75,0)
, (-1,-1)
const (52,0)
, (-1,-1)
id (80,0)
id (75,0)
, (-1,-1)
const (53,0)
, (-1,-1)
id (80,0)
id (75,0)
, (-1,-1)
const (54,0)
, (-1,-1)
id (80,0)
id (75,0)
, (-1,-1)
const (55,0)
, (-1,-1)
id (80,0)
id (75,0)
, (-1,-1)
const (56,0)
, (-1,-1)
id (80,0)
id (75,0)
, (-1,-1)
const (57,0)
, (-1,-1)
id (80,0)
id (80,0)
, (-1,-1)
const (48,0)
, (-1,-1)
id (80,0)
id (80,0)
, (-1,-1)
const (49,0)
, (-1,-1)
id (80,0)
id (80,0)
, (-1,-1)
const (50,0)
, (-1,-1)
id (80,0)
id (80,0)
, (-1,-1)
const (51,0)
, (-1,-1)
id (80,0)
id (80,0)
, (-1,-1)
const (52,0)
, (-1,-1)
id (80,0)
id (80,0)
, (-1,-1)
const (53,0)
, (-1,-1)
id (80,0)
id (80,0)
, (-1,-1)
const (54,0)
, (-1,-1)
id (80,0)
id (80,0)
, (-1,-1)
const (55,0)
, (-1,-1)
id (80,0)
id (80,0)
, (-1,-1)
const (56,0)
, (-1,-1)
id (80,0)
id (80,0)
, (-1,-1)
const (57,0)
, (-1,-1)
id (80,0)
id (75,1)
: (-1,-1)
integer (-1,-1)
; (-1,-1)
id (118,0)
: (-1,-1)
array (-1,-1)
[ (-1,-1)
const (241,0)
] (-1,-1)
of (-1,-1)
integer (-1,-1)
; (-1,-1)
id (105,0)
: (-1,-1)
integer (-1,-1)
; (-1,-1)
id (110,0)
: (-1,-1)
integer (-1,-1)
{ (-1,-1)
read (-1,-1)
( (-1,-1)
id (110,0)
) (-1,-1)
; (-1,-1)
id (105,0)
= (-1,-1)
const (48,0)
; (-1,-1)
while (-1,-1)
( (-1,-1)
id (105,0)
< (-1,-1)
id (110,0)
) (-1,-1)
{ (-1,-1)
read (-1,-1)
( (-1,-1)
id (118,0)
[ (-1,-1)
id (105,0)
] (-1,-1)
) (-1,-1)
; (-1,-1)
} (-1,-1)
id (105,0)
= (-1,-1)
const (48,0)
; (-1,-1)
id (75,1)
= (-1,-1)
const (48,0)
; (-1,-1)
while (-1,-1)
( (-1,-1)
id (105,0)
< (-1,-1)
id (110,0)
) (-1,-1)
{ (-1,-1)
id (75,1)
= (-1,-1)
id (75,1)
+ (-1,-1)
id (118,0)
[ (-1,-1)
id (105,0)
] (-1,-1)
; (-1,-1)
} (-1,-1)
write (-1,-1)
( (-1,-1)
id (75,1)
) (-1,-1)
; (-1,-1)
} (-1,-1)
