SymbolTable 
Entry(position=(48,0), token=0)
Entry(position=(49,0), token=1)
Entry(position=(50,0), token=2)
Entry(position=(51,0), token=3)
Entry(position=(52,0), token=4)
Entry(position=(53,0), token=5)
Entry(position=(54,0), token=6)
Entry(position=(55,0), token=7)
Entry(position=(56,0), token=8)
Entry(position=(57,0), token=9)
Entry(position=(68,0), token=D)
Entry(position=(75,0), token=K)
Entry(position=(75,1), token=sum)
Entry(position=(80,0), token=P)
Entry(position=(83,0), token=S)
Entry(position=(105,0), token=i)
Entry(position=(110,0), token=n)
Entry(position=(118,0), token=v)
Entry(position=(241,0), token=100)
